<?xml version="1.0" encoding="UTF-8"?>
<testsuite xmlns:xsi="http://www.w3.org/2001/XMLSchema-instance" xsi:noNamespaceSchemaLocation="https://maven.apache.org/surefire/maven-surefire-plugin/xsd/surefire-test-report.xsd" version="3.0.2" name="com.nie.csd.EcomAppApplicationTests" time="3.497" tests="1" errors="0" skipped="0" failures="0">
  <properties>
[...]
</properties>
  <testcase name="contextLoads" classname="com.nie.csd.EcomAppApplicationTests" time="0.789">
    <system-out><![CDATA[10:07:23.219 [main] INFO org.springframework.test.context.support.AnnotationConfigContextLoaderUtils -- Could not detect default configuration classes for test class [com.nie.csd.EcomAppApplicationTests]: EcomAppApplicationTests does not declare any static, non-private, non-final, nested classes annotated with @Configuration.
10:07:23.337 [main] INFO org.springframework.boot.test.context.SpringBootTestContextBootstrapper -- Found @SpringBootConfiguration com.nie.csd.EcomAppApplication for test class com.nie.csd.EcomAppApplicationTests
10:07:23.513 [main] INFO org.springframework.boot.devtools.restart.RestartApplicationListener -- Restart disabled due to context in which it is running

  .   ____          _            __ _ _
 /\\ / ___'_ __ _ _(_)_ __  __ _ \ \ \ \
( ( )\___ | '_ | '_| | '_ \/ _` | \ \ \ \
 \\/  ___)| |_)| | | | | || (_| |  ) ) ) )
  '  |____| .__|_| |_|_| |_\__, | / / / /
 =========|_|==============|___/=/_/_/_/

 :: Spring Boot ::                (v3.5.6)

2025-09-20T10:07:23.784+05:30  INFO 256 --- [Ecom_App] [           main] com.nie.csd.EcomAppApplicationTests      : Starting EcomAppApplicationTests using Java 21.0.8 with PID 256 (started by Yashwanth P in C:\Users\Yashwanth P\Downloads\Ecom\Ecom\Ecom_App)
2025-09-20T10:07:23.784+05:30  INFO 256 --- [Ecom_App] [           main] com.nie.csd.EcomAppApplicationTests      : No active profile set, falling back to 1 default profile: "default"
2025-09-20T10:07:24.379+05:30  INFO 256 --- [Ecom_App] [           main] .s.d.r.c.RepositoryConfigurationDelegate : Bootstrapping Spring Data MongoDB repositories in DEFAULT mode.
2025-09-20T10:07:24.439+05:30  INFO 256 --- [Ecom_App] [           main] .s.d.r.c.RepositoryConfigurationDelegate : Finished Spring Data repository scanning in 48 ms. Found 1 MongoDB repository interface.
2025-09-20T10:07:24.947+05:30  INFO 256 --- [Ecom_App] [           main] org.mongodb.driver.client                : MongoClient with metadata {"driver": {"name": "mongo-java-driver|sync|spring-boot", "version": "5.5.1"}, "os": {"type": "Windows", "name": "Windows 11", "architecture": "amd64", "version": "10.0"}, "platform": "Java/Oracle Corporation/21.0.8+12-LTS-250"} created with settings MongoClientSettings{readPreference=primary, writeConcern=WriteConcern{w=majority, wTimeout=null ms, journal=null}, retryWrites=true, retryReads=true, readConcern=ReadConcern{level=null}, credential=MongoCredential{mechanism=null, userName='myuser', source='admin', password=<hidden>, mechanismProperties=<hidden>}, transportSettings=null, commandListeners=[], codecRegistry=ProvidersCodecRegistry{codecProviders=[ValueCodecProvider{}, BsonValueCodecProvider{}, DBRefCodecProvider{}, DBObjectCodecProvider{}, DocumentCodecProvider{}, CollectionCodecProvider{}, IterableCodecProvider{}, MapCodecProvider{}, GeoJsonCodecProvider{}, GridFSFileCodecProvider{}, Jsr310CodecProvider{}, JsonObjectCodecProvider{}, BsonCodecProvider{}, EnumCodecProvider{}, com.mongodb.client.model.mql.ExpressionCodecProvider@4f169009, com.mongodb.Jep395RecordCodecProvider@9dada78, com.mongodb.KotlinCodecProvider@4207852d]}, loggerSettings=LoggerSettings{maxDocumentLength=1000}, clusterSettings={hosts=[127.0.0.1:27017], srvHost=cluster0.cxbwcds.mongodb.net, srvServiceName=mongodb, mode=MULTIPLE, requiredClusterType=REPLICA_SET, requiredReplicaSetName='atlas-13e8h2-shard-0', serverSelector='null', clusterListeners='[]', serverSelectionTimeout='30000 ms', localThreshold='15 ms'}, socketSettings=SocketSettings{connectTimeoutMS=10000, readTimeoutMS=0, receiveBufferSize=0, proxySettings=ProxySettings{host=null, port=null, username=null, password=null}}, heartbeatSocketSettings=SocketSettings{connectTimeoutMS=10000, readTimeoutMS=10000, receiveBufferSize=0, proxySettings=ProxySettings{host=null, port=null, username=null, password=null}}, connectionPoolSettings=ConnectionPoolSettings{maxSize=100, minSize=0, maxWaitTimeMS=120000, maxConnectionLifeTimeMS=0, maxConnectionIdleTimeMS=0, maintenanceInitialDelayMS=0, maintenanceFrequencyMS=60000, connectionPoolListeners=[], maxConnecting=2}, serverSettings=ServerSettings{heartbeatFrequencyMS=10000, minHeartbeatFrequencyMS=500, serverMonitoringMode=AUTO, serverListeners='[]', serverMonitorListeners='[]'}, sslSettings=SslSettings{enabled=true, invalidHostNameAllowed=false, context=null}, applicationName='null', compressorList=[], uuidRepresentation=JAVA_LEGACY, serverApi=null, autoEncryptionSettings=null, dnsClient=null, inetAddressResolver=null, contextProvider=null, timeoutMS=null}
2025-09-20T10:07:25.048+05:30  INFO 256 --- [Ecom_App] [cds.mongodb.net] org.mongodb.driver.cluster               : Adding discovered server ac-qmx8wjk-shard-00-01.cxbwcds.mongodb.net:27017 to client view of cluster
2025-09-20T10:07:25.076+05:30  INFO 256 --- [Ecom_App] [cds.mongodb.net] org.mongodb.driver.cluster               : Adding discovered server ac-qmx8wjk-shard-00-00.cxbwcds.mongodb.net:27017 to client view of cluster
2025-09-20T10:07:25.079+05:30  INFO 256 --- [Ecom_App] [cds.mongodb.net] org.mongodb.driver.cluster               : Adding discovered server ac-qmx8wjk-shard-00-02.cxbwcds.mongodb.net:27017 to client view of cluster
2025-09-20T10:07:25.746+05:30  INFO 256 --- [Ecom_App] [ngodb.net:27017] org.mongodb.driver.cluster               : Monitor thread successfully connected to server with description ServerDescription{address=ac-qmx8wjk-shard-00-02.cxbwcds.mongodb.net:27017, type=REPLICA_SET_SECONDARY, cryptd=false, state=CONNECTED, ok=true, minWireVersion=0, maxWireVersion=25, maxDocumentSize=16777216, logicalSessionTimeoutMinutes=30, roundTripTimeNanos=380848900, minRoundTripTimeNanos=0, setName='atlas-13e8h2-shard-0', canonicalAddress=ac-qmx8wjk-shard-00-02.cxbwcds.mongodb.net:27017, hosts=[ac-qmx8wjk-shard-00-01.cxbwcds.mongodb.net:27017, ac-qmx8wjk-shard-00-00.cxbwcds.mongodb.net:27017, ac-qmx8wjk-shard-00-02.cxbwcds.mongodb.net:27017], passives=[], arbiters=[], primary='ac-qmx8wjk-shard-00-01.cxbwcds.mongodb.net:27017', tagSet=TagSet{[Tag{name='availabilityZone', value='aps1-az2'}, Tag{name='diskState', value='READY'}, Tag{name='nodeType', value='ELECTABLE'}, Tag{name='provider', value='AWS'}, Tag{name='region', value='AP_SOUTH_1'}, Tag{name='workloadType', value='OPERATIONAL'}]}, electionId=null, setVersion=76, topologyVersion=TopologyVersion{processId=68c58222c42ebf19ee0d3fba, counter=3}, lastWriteDate=Fri Sep 19 22:07:24 IST 2025, lastUpdateTimeNanos=35616254593600}
2025-09-20T10:07:25.746+05:30  INFO 256 --- [Ecom_App] [ngodb.net:27017] org.mongodb.driver.cluster               : Monitor thread successfully connected to server with description ServerDescription{address=ac-qmx8wjk-shard-00-01.cxbwcds.mongodb.net:27017, type=REPLICA_SET_PRIMARY, cryptd=false, state=CONNECTED, ok=true, minWireVersion=0, maxWireVersion=25, maxDocumentSize=16777216, logicalSessionTimeoutMinutes=30, roundTripTimeNanos=366331300, minRoundTripTimeNanos=0, setName='atlas-13e8h2-shard-0', canonicalAddress=ac-qmx8wjk-shard-00-01.cxbwcds.mongodb.net:27017, hosts=[ac-qmx8wjk-shard-00-01.cxbwcds.mongodb.net:27017, ac-qmx8wjk-shard-00-00.cxbwcds.mongodb.net:27017, ac-qmx8wjk-shard-00-02.cxbwcds.mongodb.net:27017], passives=[], arbiters=[], primary='ac-qmx8wjk-shard-00-01.cxbwcds.mongodb.net:27017', tagSet=TagSet{[Tag{name='availabilityZone', value='aps1-az3'}, Tag{name='diskState', value='READY'}, Tag{name='nodeType', value='ELECTABLE'}, Tag{name='provider', value='AWS'}, Tag{name='region', value='AP_SOUTH_1'}, Tag{name='workloadType', value='OPERATIONAL'}]}, electionId=7fffffff000000000000004d, setVersion=76, topologyVersion=TopologyVersion{processId=68c57ee943f72cd48f46a22d, counter=6}, lastWriteDate=Fri Sep 19 22:07:24 IST 2025, lastUpdateTimeNanos=35616254593600}
2025-09-20T10:07:25.757+05:30  INFO 256 --- [Ecom_App] [ngodb.net:27017] org.mongodb.driver.cluster               : Discovered replica set primary ac-qmx8wjk-shard-00-01.cxbwcds.mongodb.net:27017 with max election id 7fffffff000000000000004d and max set version 76
2025-09-20T10:07:25.767+05:30  INFO 256 --- [Ecom_App] [           main] com.nie.csd.EcomAppApplicationTests      : Started EcomAppApplicationTests in 2.265 seconds (process running for 3.191)
2025-09-20T10:07:26.356+05:30  INFO 256 --- [Ecom_App] [ngodb.net:27017] org.mongodb.driver.cluster               : Monitor thread successfully connected to server with description ServerDescription{address=ac-qmx8wjk-shard-00-00.cxbwcds.mongodb.net:27017, type=REPLICA_SET_SECONDARY, cryptd=false, state=CONNECTED, ok=true, minWireVersion=0, maxWireVersion=25, maxDocumentSize=16777216, logicalSessionTimeoutMinutes=30, roundTripTimeNanos=218270900, minRoundTripTimeNanos=0, setName='atlas-13e8h2-shard-0', canonicalAddress=ac-qmx8wjk-shard-00-00.cxbwcds.mongodb.net:27017, hosts=[ac-qmx8wjk-shard-00-01.cxbwcds.mongodb.net:27017, ac-qmx8wjk-shard-00-00.cxbwcds.mongodb.net:27017, ac-qmx8wjk-shard-00-02.cxbwcds.mongodb.net:27017], passives=[], arbiters=[], primary='ac-qmx8wjk-shard-00-01.cxbwcds.mongodb.net:27017', tagSet=TagSet{[Tag{name='availabilityZone', value='aps1-az1'}, Tag{name='diskState', value='READY'}, Tag{name='nodeType', value='ELECTABLE'}, Tag{name='provider', value='AWS'}, Tag{name='region', value='AP_SOUTH_1'}, Tag{name='workloadType', value='OPERATIONAL'}]}, electionId=null, setVersion=76, topologyVersion=TopologyVersion{processId=68c57c639f02b56956df721f, counter=4}, lastWriteDate=Fri Sep 19 22:07:24 IST 2025, lastUpdateTimeNanos=35616868426500}
]]></system-out>
    <system-err><![CDATA[Mockito is currently self-attaching to enable the inline-mock-maker. This will no longer work in future releases of the JDK. Please add Mockito as an agent to your build as described in Mockito's documentation: https://javadoc.io/doc/org.mockito/mockito-core/latest/org.mockito/org/mockito/Mockito.html#0.3
WARNING: A Java agent has been loaded dynamically (C:\Users\Yashwanth P\.m2\repository\net\bytebuddy\byte-buddy-agent\1.17.7\byte-buddy-agent-1.17.7.jar)
WARNING: If a serviceability tool is in use, please run with -XX:+EnableDynamicAgentLoading to hide this warning
WARNING: If a serviceability tool is not in use, please run with -Djdk.instrument.traceUsage for more information
WARNING: Dynamic loading of agents will be disallowed by default in a future release
]]></system-err>
  </testcase>
</testsuite>